<?xml version="1.0" encoding="UTF-8"?>
<!-- Generated by org.testng.reporters.JUnitReportReporter -->
<testsuite hostname="PMAHAJA2-M-M4GK" failures="0" tests="1" name="com.prashant.tests.LoginPageTests" time="12.410" errors="0" timestamp="2024-08-25T17:34:27 IST" skipped="0">
  <testcase classname="com.prashant.tests.LoginPageTests" name="test1" time="12.410"/>
</testsuite> <!-- com.prashant.tests.LoginPageTests -->
