<?xml version="1.0" encoding="UTF-8"?>
<!-- Generated by org.testng.reporters.JUnitReportReporter -->
<testsuite hostname="PMAHAJA2-M-M4GK" failures="0" tests="1" name="com.prashant.tests.LearnAssertJ" time="0.136" errors="0" timestamp="2024-08-28T00:42:10 IST" skipped="0">
  <testcase classname="com.prashant.tests.LearnAssertJ" name="testString" time="0.136"/>
</testsuite> <!-- com.prashant.tests.LearnAssertJ -->
