<?xml version="1.0" encoding="UTF-8"?>
<!-- Generated by org.testng.reporters.JUnitReportReporter -->
<testsuite hostname="PMAHAJA2-M-M4GK" failures="0" tests="2" name="com.prashant.tests.DataProviderWithJson" time="0.020" errors="0" timestamp="2024-09-04T23:38:41 IST" skipped="0">
  <testcase classname="com.prashant.tests.DataProviderWithJson" name="test1" time="0.008"/>
  <testcase classname="com.prashant.tests.DataProviderWithJson" name="test1" time="0.012"/>
</testsuite> <!-- com.prashant.tests.DataProviderWithJson -->
