<?xml version="1.0" encoding="UTF-8"?>
<!-- Generated by org.testng.reporters.JUnitReportReporter -->
<testsuite hostname="PMAHAJA2-M-M4GK" failures="0" tests="1" name="com.prashant.tests.TestClass" time="0.097" errors="0" timestamp="2024-10-06T00:25:02 IST" skipped="0">
  <testcase classname="com.prashant.tests.TestClass" name="dummytest" time="0.097"/>
</testsuite> <!-- com.prashant.tests.TestClass -->
