<?xml version="1.0" encoding="UTF-8"?>
<!-- Generated by org.testng.reporters.JUnitReportReporter -->
<testsuite hostname="PMAHAJA2-M-M4GK" failures="0" tests="5" name="com.prashant.tests.DataProviderTest" time="0.096" errors="0" timestamp="2024-09-03T22:30:15 IST" skipped="0">
  <testcase classname="com.prashant.tests.DataProviderTest" name="test1" time="0.003"/>
  <testcase classname="com.prashant.tests.DataProviderTest" name="test2" time="0.005"/>
  <testcase classname="com.prashant.tests.DataProviderTest" name="test1" time="0.078"/>
  <testcase classname="com.prashant.tests.DataProviderTest" name="test2" time="0.005"/>
  <testcase classname="com.prashant.tests.DataProviderTest" name="test2" time="0.005"/>
</testsuite> <!-- com.prashant.tests.DataProviderTest -->
