<?xml version="1.0" encoding="UTF-8"?>
<!-- Generated by org.testng.reporters.JUnitReportReporter -->
<testsuite hostname="PMAHAJA2-M-M4GK" failures="0" tests="4" name="com.prashant.tests.DataProviderWithExcel" time="0.019" errors="0" timestamp="2024-09-04T01:44:42 IST" skipped="0">
  <testcase classname="com.prashant.tests.DataProviderWithExcel" name="test1" time="0.002"/>
  <testcase classname="com.prashant.tests.DataProviderWithExcel" name="test1" time="0.013"/>
  <testcase classname="com.prashant.tests.DataProviderWithExcel" name="test1" time="0.003"/>
  <testcase classname="com.prashant.tests.DataProviderWithExcel" name="test1" time="0.001"/>
</testsuite> <!-- com.prashant.tests.DataProviderWithExcel -->
