<?xml version="1.0" encoding="UTF-8"?>
<!-- Generated by org.testng.reporters.JUnitReportReporter -->
<testsuite hostname="PMAHAJA2-M-M4GK" failures="0" tests="1" name="com.prashant.tests.AmazonPageTest" time="54.133" errors="0" timestamp="2024-10-06T23:46:40 IST" skipped="0">
  <testcase classname="com.prashant.tests.AmazonPageTest" name="AmazonPageTest" time="54.133"/>
</testsuite> <!-- com.prashant.tests.AmazonPageTest -->
