<?xml version="1.0" encoding="UTF-8"?>
<!-- Generated by org.testng.reporters.JUnitReportReporter -->
<testsuite hostname="PMAHAJA2-M-M4GK" failures="0" tests="1" name="com.prashant.reports.Demo" time="2.121" errors="0" timestamp="2024-09-09T01:59:31 IST" skipped="0">
  <testcase classname="com.prashant.reports.Demo" name="extentDemo" time="2.121"/>
</testsuite> <!-- com.prashant.reports.Demo -->
